<?xml version="1.0" encoding="UTF-8"?>
<coverage generated="1788391712947" clover="3.2.0">
  <project timestamp="1788391712947" name="All files">
    <metrics statements="26" coveredstatements="12" conditionals="2" coveredconditionals="0" methods="6" coveredmethods="5" elements="34" coveredelements="17" complexity="0" loc="26" ncloc="26" packages="1" files="4" classes="4"/>
    <file name="app.controller.ts" path="C:\Users\HP\OneDrive\Documentos\desapp-gf\backend\src\app.controller.ts">
      <metrics statements="8" coveredstatements="8" conditionals="0" coveredconditionals="0" methods="3" coveredmethods="3"/>
      <line num="1" count="1" type="stmt"/>
      <line num="2" count="1" type="stmt"/>
      <line num="5" count="1" type="stmt"/>
      <line num="6" count="2" type="stmt"/>
      <line num="9" count="1" type="stmt"/>
      <line num="10" count="1" type="stmt"/>
      <line num="14" count="1" type="stmt"/>
      <line num="15" count="1" type="stmt"/>
    </file>
    <file name="app.module.ts" path="C:\Users\HP\OneDrive\Documentos\desapp-gf\backend\src\app.module.ts">
      <metrics statements="4" coveredstatements="0" conditionals="0" coveredconditionals="0" methods="0" coveredmethods="0"/>
      <line num="1" count="0" type="stmt"/>
      <line num="2" count="0" type="stmt"/>
      <line num="3" count="0" type="stmt"/>
      <line num="10" count="0" type="stmt"/>
    </file>
    <file name="app.service.ts" path="C:\Users\HP\OneDrive\Documentos\desapp-gf\backend\src\app.service.ts">
      <metrics statements="4" coveredstatements="4" conditionals="0" coveredconditionals="0" methods="2" coveredmethods="2"/>
      <line num="1" count="2" type="stmt"/>
      <line num="4" count="2" type="stmt"/>
      <line num="6" count="1" type="stmt"/>
      <line num="10" count="1" type="stmt"/>
    </file>
    <file name="main.ts" path="C:\Users\HP\OneDrive\Documentos\desapp-gf\backend\src\main.ts">
      <metrics statements="10" coveredstatements="0" conditionals="2" coveredconditionals="0" methods="1" coveredmethods="0"/>
      <line num="1" count="0" type="stmt"/>
      <line num="2" count="0" type="stmt"/>
      <line num="3" count="0" type="stmt"/>
      <line num="6" count="0" type="stmt"/>
      <line num="8" count="0" type="stmt"/>
      <line num="13" count="0" type="stmt"/>
      <line num="19" count="0" type="stmt"/>
      <line num="20" count="0" type="stmt"/>
      <line num="22" count="0" type="cond" truecount="0" falsecount="2"/>
      <line num="24" count="0" type="stmt"/>
    </file>
  </project>
</coverage>
